2000.09.18 15:50 B C:\My Documents\psych241-lec5-variables\activem.gif --> condor.depaul.edu /condor/psycfclt/dallbrit/public_html/psy241/psych241-lec5-variables activem.gif
2000.09.18 15:50 B C:\My Documents\psych241-lec5-variables\activep.gif --> condor.depaul.edu /condor/psycfclt/dallbrit/public_html/psy241/psych241-lec5-variables activep.gif
2000.09.18 15:50 B C:\My Documents\psych241-lec5-variables\collapse.gif --> condor.depaul.edu /condor/psycfclt/dallbrit/public_html/psy241/psych241-lec5-variables collapse.gif
2000.09.18 15:50 B C:\My Documents\psych241-lec5-variables\expand.gif --> condor.depaul.edu /condor/psycfclt/dallbrit/public_html/psy241/psych241-lec5-variables expand.gif
2000.09.18 15:50 B C:\My Documents\psych241-lec5-variables\first.gif --> condor.depaul.edu /condor/psycfclt/dallbrit/public_html/psy241/psych241-lec5-variables first.gif
2000.09.18 15:50 B C:\My Documents\psych241-lec5-variables\home.gif --> condor.depaul.edu /condor/psycfclt/dallbrit/public_html/psy241/psych241-lec5-variables home.gif
2000.09.18 15:50 B C:\My Documents\psych241-lec5-variables\ielogo.gif --> condor.depaul.edu /condor/psycfclt/dallbrit/public_html/psy241/psych241-lec5-variables ielogo.gif
2000.09.18 15:50 B C:\My Documents\psych241-lec5-variables\img001.gif --> condor.depaul.edu /condor/psycfclt/dallbrit/public_html/psy241/psych241-lec5-variables img001.gif
2000.09.18 15:50 B C:\My Documents\psych241-lec5-variables\img001.htm --> condor.depaul.edu /condor/psycfclt/dallbrit/public_html/psy241/psych241-lec5-variables img001.htm
2000.09.18 15:50 B C:\My Documents\psych241-lec5-variables\img002.gif --> condor.depaul.edu /condor/psycfclt/dallbrit/public_html/psy241/psych241-lec5-variables img002.gif
2000.09.18 15:50 B C:\My Documents\psych241-lec5-variables\img002.htm --> condor.depaul.edu /condor/psycfclt/dallbrit/public_html/psy241/psych241-lec5-variables img002.htm
2000.09.18 15:50 B C:\My Documents\psych241-lec5-variables\img003.gif --> condor.depaul.edu /condor/psycfclt/dallbrit/public_html/psy241/psych241-lec5-variables img003.gif
2000.09.18 15:50 B C:\My Documents\psych241-lec5-variables\img003.htm --> condor.depaul.edu /condor/psycfclt/dallbrit/public_html/psy241/psych241-lec5-variables img003.htm
2000.09.18 15:50 B C:\My Documents\psych241-lec5-variables\img004.gif --> condor.depaul.edu /condor/psycfclt/dallbrit/public_html/psy241/psych241-lec5-variables img004.gif
2000.09.18 15:50 B C:\My Documents\psych241-lec5-variables\img004.htm --> condor.depaul.edu /condor/psycfclt/dallbrit/public_html/psy241/psych241-lec5-variables img004.htm
2000.09.18 15:50 B C:\My Documents\psych241-lec5-variables\img005.gif --> condor.depaul.edu /condor/psycfclt/dallbrit/public_html/psy241/psych241-lec5-variables img005.gif
2000.09.18 15:50 B C:\My Documents\psych241-lec5-variables\img005.htm --> condor.depaul.edu /condor/psycfclt/dallbrit/public_html/psy241/psych241-lec5-variables img005.htm
2000.09.18 15:50 B C:\My Documents\psych241-lec5-variables\img006.gif --> condor.depaul.edu /condor/psycfclt/dallbrit/public_html/psy241/psych241-lec5-variables img006.gif
2000.09.18 15:50 B C:\My Documents\psych241-lec5-variables\img006.htm --> condor.depaul.edu /condor/psycfclt/dallbrit/public_html/psy241/psych241-lec5-variables img006.htm
2000.09.18 15:50 B C:\My Documents\psych241-lec5-variables\img007.gif --> condor.depaul.edu /condor/psycfclt/dallbrit/public_html/psy241/psych241-lec5-variables img007.gif
2000.09.18 15:50 B C:\My Documents\psych241-lec5-variables\img007.htm --> condor.depaul.edu /condor/psycfclt/dallbrit/public_html/psy241/psych241-lec5-variables img007.htm
2000.09.18 15:50 B C:\My Documents\psych241-lec5-variables\index.htm --> condor.depaul.edu /condor/psycfclt/dallbrit/public_html/psy241/psych241-lec5-variables index.htm
2000.09.18 15:50 B C:\My Documents\psych241-lec5-variables\info.gif --> condor.depaul.edu /condor/psycfclt/dallbrit/public_html/psy241/psych241-lec5-variables info.gif
2000.09.18 15:50 B C:\My Documents\psych241-lec5-variables\last.gif --> condor.depaul.edu /condor/psycfclt/dallbrit/public_html/psy241/psych241-lec5-variables last.gif
2000.09.18 15:50 B C:\My Documents\psych241-lec5-variables\navbtn.htm --> condor.depaul.edu /condor/psycfclt/dallbrit/public_html/psy241/psych241-lec5-variables navbtn.htm
2000.09.18 15:50 B C:\My Documents\psych241-lec5-variables\next.gif --> condor.depaul.edu /condor/psycfclt/dallbrit/public_html/psy241/psych241-lec5-variables next.gif
2000.09.18 15:50 B C:\My Documents\psych241-lec5-variables\note001.htm --> condor.depaul.edu /condor/psycfclt/dallbrit/public_html/psy241/psych241-lec5-variables note001.htm
2000.09.18 15:50 B C:\My Documents\psych241-lec5-variables\note002.htm --> condor.depaul.edu /condor/psycfclt/dallbrit/public_html/psy241/psych241-lec5-variables note002.htm
2000.09.18 15:50 B C:\My Documents\psych241-lec5-variables\note003.htm --> condor.depaul.edu /condor/psycfclt/dallbrit/public_html/psy241/psych241-lec5-variables note003.htm
2000.09.18 15:50 B C:\My Documents\psych241-lec5-variables\note004.htm --> condor.depaul.edu /condor/psycfclt/dallbrit/public_html/psy241/psych241-lec5-variables note004.htm
2000.09.18 15:50 B C:\My Documents\psych241-lec5-variables\note005.htm --> condor.depaul.edu /condor/psycfclt/dallbrit/public_html/psy241/psych241-lec5-variables note005.htm
2000.09.18 15:50 B C:\My Documents\psych241-lec5-variables\note006.htm --> condor.depaul.edu /condor/psycfclt/dallbrit/public_html/psy241/psych241-lec5-variables note006.htm
2000.09.18 15:50 B C:\My Documents\psych241-lec5-variables\note007.htm --> condor.depaul.edu /condor/psycfclt/dallbrit/public_html/psy241/psych241-lec5-variables note007.htm
2000.09.18 15:50 B C:\My Documents\psych241-lec5-variables\outlinec.htm --> condor.depaul.edu /condor/psycfclt/dallbrit/public_html/psy241/psych241-lec5-variables outlinec.htm
2000.09.18 15:50 B C:\My Documents\psych241-lec5-variables\outlinee.htm --> condor.depaul.edu /condor/psycfclt/dallbrit/public_html/psy241/psych241-lec5-variables outlinee.htm
2000.09.18 15:50 B C:\My Documents\psych241-lec5-variables\ppframe.htm --> condor.depaul.edu /condor/psycfclt/dallbrit/public_html/psy241/psych241-lec5-variables ppframe.htm
2000.09.18 15:50 B C:\My Documents\psych241-lec5-variables\pptani.gif --> condor.depaul.edu /condor/psycfclt/dallbrit/public_html/psy241/psych241-lec5-variables pptani.gif
2000.09.18 15:50 B C:\My Documents\psych241-lec5-variables\prev.gif --> condor.depaul.edu /condor/psycfclt/dallbrit/public_html/psy241/psych241-lec5-variables prev.gif
2000.09.18 15:50 B C:\My Documents\psych241-lec5-variables\sizebtn.htm --> condor.depaul.edu /condor/psycfclt/dallbrit/public_html/psy241/psych241-lec5-variables sizebtn.htm
2000.09.18 15:50 B C:\My Documents\psych241-lec5-variables\sld001.htm --> condor.depaul.edu /condor/psycfclt/dallbrit/public_html/psy241/psych241-lec5-variables sld001.htm
2000.09.18 15:50 B C:\My Documents\psych241-lec5-variables\sld002.htm --> condor.depaul.edu /condor/psycfclt/dallbrit/public_html/psy241/psych241-lec5-variables sld002.htm
2000.09.18 15:50 B C:\My Documents\psych241-lec5-variables\sld003.htm --> condor.depaul.edu /condor/psycfclt/dallbrit/public_html/psy241/psych241-lec5-variables sld003.htm
2000.09.18 15:50 B C:\My Documents\psych241-lec5-variables\sld004.htm --> condor.depaul.edu /condor/psycfclt/dallbrit/public_html/psy241/psych241-lec5-variables sld004.htm
2000.09.18 15:50 B C:\My Documents\psych241-lec5-variables\sld005.htm --> condor.depaul.edu /condor/psycfclt/dallbrit/public_html/psy241/psych241-lec5-variables sld005.htm
2000.09.18 15:50 B C:\My Documents\psych241-lec5-variables\sld006.htm --> condor.depaul.edu /condor/psycfclt/dallbrit/public_html/psy241/psych241-lec5-variables sld006.htm
2000.09.18 15:50 B C:\My Documents\psych241-lec5-variables\sld007.htm --> condor.depaul.edu /condor/psycfclt/dallbrit/public_html/psy241/psych241-lec5-variables sld007.htm
2000.09.18 15:50 B C:\My Documents\psych241-lec5-variables\space.gif --> condor.depaul.edu /condor/psycfclt/dallbrit/public_html/psy241/psych241-lec5-variables space.gif
2000.09.18 15:50 B C:\My Documents\psych241-lec5-variables\text.gif --> condor.depaul.edu /condor/psycfclt/dallbrit/public_html/psy241/psych241-lec5-variables text.gif
2000.09.18 15:50 B C:\My Documents\psych241-lec5-variables\tsld001.htm --> condor.depaul.edu /condor/psycfclt/dallbrit/public_html/psy241/psych241-lec5-variables tsld001.htm
2000.09.18 15:50 B C:\My Documents\psych241-lec5-variables\tsld002.htm --> condor.depaul.edu /condor/psycfclt/dallbrit/public_html/psy241/psych241-lec5-variables tsld002.htm
2000.09.18 15:50 B C:\My Documents\psych241-lec5-variables\tsld003.htm --> condor.depaul.edu /condor/psycfclt/dallbrit/public_html/psy241/psych241-lec5-variables tsld003.htm
2000.09.18 15:50 B C:\My Documents\psych241-lec5-variables\tsld004.htm --> condor.depaul.edu /condor/psycfclt/dallbrit/public_html/psy241/psych241-lec5-variables tsld004.htm
2000.09.18 15:50 B C:\My Documents\psych241-lec5-variables\tsld005.htm --> condor.depaul.edu /condor/psycfclt/dallbrit/public_html/psy241/psych241-lec5-variables tsld005.htm
2000.09.18 15:50 B C:\My Documents\psych241-lec5-variables\tsld006.htm --> condor.depaul.edu /condor/psycfclt/dallbrit/public_html/psy241/psych241-lec5-variables tsld006.htm
2000.09.18 15:50 B C:\My Documents\psych241-lec5-variables\tsld007.htm --> condor.depaul.edu /condor/psycfclt/dallbrit/public_html/psy241/psych241-lec5-variables tsld007.htm
2000.09.19 17:14 B C:\My Documents\psych241-lec5-variables\activem.gif --> nanday.psy.depaul.edu /home/david/fromwin/psych241-lec5-variables activem.gif
2000.09.19 17:14 B C:\My Documents\psych241-lec5-variables\activep.gif --> nanday.psy.depaul.edu /home/david/fromwin/psych241-lec5-variables activep.gif
2000.09.19 17:14 B C:\My Documents\psych241-lec5-variables\collapse.gif --> nanday.psy.depaul.edu /home/david/fromwin/psych241-lec5-variables collapse.gif
2000.09.19 17:14 B C:\My Documents\psych241-lec5-variables\expand.gif --> nanday.psy.depaul.edu /home/david/fromwin/psych241-lec5-variables expand.gif
2000.09.19 17:14 B C:\My Documents\psych241-lec5-variables\first.gif --> nanday.psy.depaul.edu /home/david/fromwin/psych241-lec5-variables first.gif
2000.09.19 17:14 B C:\My Documents\psych241-lec5-variables\home.gif --> nanday.psy.depaul.edu /home/david/fromwin/psych241-lec5-variables home.gif
2000.09.19 17:14 B C:\My Documents\psych241-lec5-variables\ielogo.gif --> nanday.psy.depaul.edu /home/david/fromwin/psych241-lec5-variables ielogo.gif
2000.09.19 17:14 B C:\My Documents\psych241-lec5-variables\img001.gif --> nanday.psy.depaul.edu /home/david/fromwin/psych241-lec5-variables img001.gif
2000.09.19 17:14 B C:\My Documents\psych241-lec5-variables\img001.htm --> nanday.psy.depaul.edu /home/david/fromwin/psych241-lec5-variables img001.htm
2000.09.19 17:14 B C:\My Documents\psych241-lec5-variables\img002.gif --> nanday.psy.depaul.edu /home/david/fromwin/psych241-lec5-variables img002.gif
2000.09.19 17:14 B C:\My Documents\psych241-lec5-variables\img002.htm --> nanday.psy.depaul.edu /home/david/fromwin/psych241-lec5-variables img002.htm
2000.09.19 17:14 B C:\My Documents\psych241-lec5-variables\img003.gif --> nanday.psy.depaul.edu /home/david/fromwin/psych241-lec5-variables img003.gif
2000.09.19 17:14 B C:\My Documents\psych241-lec5-variables\img003.htm --> nanday.psy.depaul.edu /home/david/fromwin/psych241-lec5-variables img003.htm
2000.09.19 17:14 B C:\My Documents\psych241-lec5-variables\img004.gif --> nanday.psy.depaul.edu /home/david/fromwin/psych241-lec5-variables img004.gif
2000.09.19 17:14 B C:\My Documents\psych241-lec5-variables\img004.htm --> nanday.psy.depaul.edu /home/david/fromwin/psych241-lec5-variables img004.htm
2000.09.19 17:14 B C:\My Documents\psych241-lec5-variables\img005.gif --> nanday.psy.depaul.edu /home/david/fromwin/psych241-lec5-variables img005.gif
2000.09.19 17:14 B C:\My Documents\psych241-lec5-variables\img005.htm --> nanday.psy.depaul.edu /home/david/fromwin/psych241-lec5-variables img005.htm
2000.09.19 17:14 B C:\My Documents\psych241-lec5-variables\img006.gif --> nanday.psy.depaul.edu /home/david/fromwin/psych241-lec5-variables img006.gif
2000.09.19 17:14 B C:\My Documents\psych241-lec5-variables\img006.htm --> nanday.psy.depaul.edu /home/david/fromwin/psych241-lec5-variables img006.htm
2000.09.19 17:14 B C:\My Documents\psych241-lec5-variables\img007.gif --> nanday.psy.depaul.edu /home/david/fromwin/psych241-lec5-variables img007.gif
2000.09.19 17:14 B C:\My Documents\psych241-lec5-variables\img007.htm --> nanday.psy.depaul.edu /home/david/fromwin/psych241-lec5-variables img007.htm
2000.09.19 17:14 B C:\My Documents\psych241-lec5-variables\index.htm --> nanday.psy.depaul.edu /home/david/fromwin/psych241-lec5-variables index.htm
2000.09.19 17:14 B C:\My Documents\psych241-lec5-variables\info.gif --> nanday.psy.depaul.edu /home/david/fromwin/psych241-lec5-variables info.gif
2000.09.19 17:14 B C:\My Documents\psych241-lec5-variables\last.gif --> nanday.psy.depaul.edu /home/david/fromwin/psych241-lec5-variables last.gif
2000.09.19 17:14 B C:\My Documents\psych241-lec5-variables\navbtn.htm --> nanday.psy.depaul.edu /home/david/fromwin/psych241-lec5-variables navbtn.htm
2000.09.19 17:14 B C:\My Documents\psych241-lec5-variables\next.gif --> nanday.psy.depaul.edu /home/david/fromwin/psych241-lec5-variables next.gif
2000.09.19 17:14 B C:\My Documents\psych241-lec5-variables\note001.htm --> nanday.psy.depaul.edu /home/david/fromwin/psych241-lec5-variables note001.htm
2000.09.19 17:14 B C:\My Documents\psych241-lec5-variables\note002.htm --> nanday.psy.depaul.edu /home/david/fromwin/psych241-lec5-variables note002.htm
2000.09.19 17:14 B C:\My Documents\psych241-lec5-variables\note003.htm --> nanday.psy.depaul.edu /home/david/fromwin/psych241-lec5-variables note003.htm
2000.09.19 17:15 B C:\My Documents\psych241-lec5-variables\note004.htm --> nanday.psy.depaul.edu /home/david/fromwin/psych241-lec5-variables note004.htm
2000.09.20 15:45 B C:\My Documents\psych241-lec5-variables\activem.gif --> condor.depaul.edu /condor/psycfclt/dallbrit/public_html/psy241/psych241-lec5-variables activem.gif
2000.09.20 15:45 B C:\My Documents\psych241-lec5-variables\activep.gif --> condor.depaul.edu /condor/psycfclt/dallbrit/public_html/psy241/psych241-lec5-variables activep.gif
2000.09.20 15:45 B C:\My Documents\psych241-lec5-variables\collapse.gif --> condor.depaul.edu /condor/psycfclt/dallbrit/public_html/psy241/psych241-lec5-variables collapse.gif
2000.09.20 15:45 B C:\My Documents\psych241-lec5-variables\expand.gif --> condor.depaul.edu /condor/psycfclt/dallbrit/public_html/psy241/psych241-lec5-variables expand.gif
2000.09.20 15:45 B C:\My Documents\psych241-lec5-variables\first.gif --> condor.depaul.edu /condor/psycfclt/dallbrit/public_html/psy241/psych241-lec5-variables first.gif
2000.09.20 15:45 B C:\My Documents\psych241-lec5-variables\home.gif --> condor.depaul.edu /condor/psycfclt/dallbrit/public_html/psy241/psych241-lec5-variables home.gif
2000.09.20 15:45 B C:\My Documents\psych241-lec5-variables\ielogo.gif --> condor.depaul.edu /condor/psycfclt/dallbrit/public_html/psy241/psych241-lec5-variables ielogo.gif
2000.09.20 15:45 B C:\My Documents\psych241-lec5-variables\img001.gif --> condor.depaul.edu /condor/psycfclt/dallbrit/public_html/psy241/psych241-lec5-variables img001.gif
2000.09.20 15:45 B C:\My Documents\psych241-lec5-variables\img001.htm --> condor.depaul.edu /condor/psycfclt/dallbrit/public_html/psy241/psych241-lec5-variables img001.htm
2000.09.20 15:45 B C:\My Documents\psych241-lec5-variables\img002.gif --> condor.depaul.edu /condor/psycfclt/dallbrit/public_html/psy241/psych241-lec5-variables img002.gif
2000.09.20 15:45 B C:\My Documents\psych241-lec5-variables\img002.htm --> condor.depaul.edu /condor/psycfclt/dallbrit/public_html/psy241/psych241-lec5-variables img002.htm
2000.09.20 15:45 B C:\My Documents\psych241-lec5-variables\img003.gif --> condor.depaul.edu /condor/psycfclt/dallbrit/public_html/psy241/psych241-lec5-variables img003.gif
2000.09.20 15:45 B C:\My Documents\psych241-lec5-variables\img003.htm --> condor.depaul.edu /condor/psycfclt/dallbrit/public_html/psy241/psych241-lec5-variables img003.htm
2000.09.20 15:45 B C:\My Documents\psych241-lec5-variables\img004.gif --> condor.depaul.edu /condor/psycfclt/dallbrit/public_html/psy241/psych241-lec5-variables img004.gif
2000.09.20 15:45 B C:\My Documents\psych241-lec5-variables\img004.htm --> condor.depaul.edu /condor/psycfclt/dallbrit/public_html/psy241/psych241-lec5-variables img004.htm
2000.09.20 15:45 B C:\My Documents\psych241-lec5-variables\img005.gif --> condor.depaul.edu /condor/psycfclt/dallbrit/public_html/psy241/psych241-lec5-variables img005.gif
2000.09.20 15:45 B C:\My Documents\psych241-lec5-variables\img005.htm --> condor.depaul.edu /condor/psycfclt/dallbrit/public_html/psy241/psych241-lec5-variables img005.htm
2000.09.20 15:45 B C:\My Documents\psych241-lec5-variables\img006.gif --> condor.depaul.edu /condor/psycfclt/dallbrit/public_html/psy241/psych241-lec5-variables img006.gif
2000.09.20 15:45 B C:\My Documents\psych241-lec5-variables\img006.htm --> condor.depaul.edu /condor/psycfclt/dallbrit/public_html/psy241/psych241-lec5-variables img006.htm
2000.09.20 15:45 B C:\My Documents\psych241-lec5-variables\img007.gif --> condor.depaul.edu /condor/psycfclt/dallbrit/public_html/psy241/psych241-lec5-variables img007.gif
2000.09.20 15:45 B C:\My Documents\psych241-lec5-variables\img007.htm --> condor.depaul.edu /condor/psycfclt/dallbrit/public_html/psy241/psych241-lec5-variables img007.htm
2000.09.20 15:45 B C:\My Documents\psych241-lec5-variables\img008.gif --> condor.depaul.edu /condor/psycfclt/dallbrit/public_html/psy241/psych241-lec5-variables img008.gif
2000.09.20 15:45 B C:\My Documents\psych241-lec5-variables\img009.gif --> condor.depaul.edu /condor/psycfclt/dallbrit/public_html/psy241/psych241-lec5-variables img009.gif
2000.09.20 15:45 B C:\My Documents\psych241-lec5-variables\img010.gif --> condor.depaul.edu /condor/psycfclt/dallbrit/public_html/psy241/psych241-lec5-variables img010.gif
2000.09.20 15:45 B C:\My Documents\psych241-lec5-variables\index.htm --> condor.depaul.edu /condor/psycfclt/dallbrit/public_html/psy241/psych241-lec5-variables index.htm
2000.09.20 15:45 B C:\My Documents\psych241-lec5-variables\info.gif --> condor.depaul.edu /condor/psycfclt/dallbrit/public_html/psy241/psych241-lec5-variables info.gif
2000.09.20 15:45 B C:\My Documents\psych241-lec5-variables\last.gif --> condor.depaul.edu /condor/psycfclt/dallbrit/public_html/psy241/psych241-lec5-variables last.gif
2000.09.20 15:45 B C:\My Documents\psych241-lec5-variables\navbtn.htm --> condor.depaul.edu /condor/psycfclt/dallbrit/public_html/psy241/psych241-lec5-variables navbtn.htm
2000.09.20 15:45 B C:\My Documents\psych241-lec5-variables\next.gif --> condor.depaul.edu /condor/psycfclt/dallbrit/public_html/psy241/psych241-lec5-variables next.gif
2000.09.20 15:45 B C:\My Documents\psych241-lec5-variables\note001.htm --> condor.depaul.edu /condor/psycfclt/dallbrit/public_html/psy241/psych241-lec5-variables note001.htm
2000.09.20 15:45 B C:\My Documents\psych241-lec5-variables\note002.htm --> condor.depaul.edu /condor/psycfclt/dallbrit/public_html/psy241/psych241-lec5-variables note002.htm
2000.09.20 15:45 B C:\My Documents\psych241-lec5-variables\note003.htm --> condor.depaul.edu /condor/psycfclt/dallbrit/public_html/psy241/psych241-lec5-variables note003.htm
2000.09.20 15:45 B C:\My Documents\psych241-lec5-variables\note004.htm --> condor.depaul.edu /condor/psycfclt/dallbrit/public_html/psy241/psych241-lec5-variables note004.htm
2000.09.20 15:45 B C:\My Documents\psych241-lec5-variables\note005.htm --> condor.depaul.edu /condor/psycfclt/dallbrit/public_html/psy241/psych241-lec5-variables note005.htm
2000.09.20 15:45 B C:\My Documents\psych241-lec5-variables\note006.htm --> condor.depaul.edu /condor/psycfclt/dallbrit/public_html/psy241/psych241-lec5-variables note006.htm
2000.09.20 15:45 B C:\My Documents\psych241-lec5-variables\note007.htm --> condor.depaul.edu /condor/psycfclt/dallbrit/public_html/psy241/psych241-lec5-variables note007.htm
2000.09.20 15:45 B C:\My Documents\psych241-lec5-variables\outlinec.htm --> condor.depaul.edu /condor/psycfclt/dallbrit/public_html/psy241/psych241-lec5-variables outlinec.htm
2000.09.20 15:45 B C:\My Documents\psych241-lec5-variables\outlinee.htm --> condor.depaul.edu /condor/psycfclt/dallbrit/public_html/psy241/psych241-lec5-variables outlinee.htm
2000.09.20 15:45 B C:\My Documents\psych241-lec5-variables\ppframe.htm --> condor.depaul.edu /condor/psycfclt/dallbrit/public_html/psy241/psych241-lec5-variables ppframe.htm
2000.09.20 15:45 B C:\My Documents\psych241-lec5-variables\pptani.gif --> condor.depaul.edu /condor/psycfclt/dallbrit/public_html/psy241/psych241-lec5-variables pptani.gif
2000.09.20 15:45 B C:\My Documents\psych241-lec5-variables\prev.gif --> condor.depaul.edu /condor/psycfclt/dallbrit/public_html/psy241/psych241-lec5-variables prev.gif
2000.09.20 15:45 B C:\My Documents\psych241-lec5-variables\sizebtn.htm --> condor.depaul.edu /condor/psycfclt/dallbrit/public_html/psy241/psych241-lec5-variables sizebtn.htm
2000.09.20 15:45 B C:\My Documents\psych241-lec5-variables\sld001.htm --> condor.depaul.edu /condor/psycfclt/dallbrit/public_html/psy241/psych241-lec5-variables sld001.htm
2000.09.20 15:45 B C:\My Documents\psych241-lec5-variables\sld002.htm --> condor.depaul.edu /condor/psycfclt/dallbrit/public_html/psy241/psych241-lec5-variables sld002.htm
2000.09.20 15:45 B C:\My Documents\psych241-lec5-variables\sld003.htm --> condor.depaul.edu /condor/psycfclt/dallbrit/public_html/psy241/psych241-lec5-variables sld003.htm
2000.09.20 15:45 B C:\My Documents\psych241-lec5-variables\sld004.htm --> condor.depaul.edu /condor/psycfclt/dallbrit/public_html/psy241/psych241-lec5-variables sld004.htm
2000.09.20 15:45 B C:\My Documents\psych241-lec5-variables\sld005.htm --> condor.depaul.edu /condor/psycfclt/dallbrit/public_html/psy241/psych241-lec5-variables sld005.htm
2000.09.20 15:45 B C:\My Documents\psych241-lec5-variables\sld006.htm --> condor.depaul.edu /condor/psycfclt/dallbrit/public_html/psy241/psych241-lec5-variables sld006.htm
2000.09.20 15:45 B C:\My Documents\psych241-lec5-variables\sld007.htm --> condor.depaul.edu /condor/psycfclt/dallbrit/public_html/psy241/psych241-lec5-variables sld007.htm
2000.09.20 15:45 B C:\My Documents\psych241-lec5-variables\sld008.htm --> condor.depaul.edu /condor/psycfclt/dallbrit/public_html/psy241/psych241-lec5-variables sld008.htm
2000.09.20 15:45 B C:\My Documents\psych241-lec5-variables\sld009.htm --> condor.depaul.edu /condor/psycfclt/dallbrit/public_html/psy241/psych241-lec5-variables sld009.htm
2000.09.20 15:46 B C:\My Documents\psych241-lec5-variables\sld010.htm --> condor.depaul.edu /condor/psycfclt/dallbrit/public_html/psy241/psych241-lec5-variables sld010.htm
2000.09.20 15:46 B C:\My Documents\psych241-lec5-variables\space.gif --> condor.depaul.edu /condor/psycfclt/dallbrit/public_html/psy241/psych241-lec5-variables space.gif
2000.09.20 15:46 B C:\My Documents\psych241-lec5-variables\text.gif --> condor.depaul.edu /condor/psycfclt/dallbrit/public_html/psy241/psych241-lec5-variables text.gif
2000.09.20 15:46 B C:\My Documents\psych241-lec5-variables\tsld001.htm --> condor.depaul.edu /condor/psycfclt/dallbrit/public_html/psy241/psych241-lec5-variables tsld001.htm
2000.09.20 15:46 B C:\My Documents\psych241-lec5-variables\tsld002.htm --> condor.depaul.edu /condor/psycfclt/dallbrit/public_html/psy241/psych241-lec5-variables tsld002.htm
2000.09.20 15:46 B C:\My Documents\psych241-lec5-variables\tsld003.htm --> condor.depaul.edu /condor/psycfclt/dallbrit/public_html/psy241/psych241-lec5-variables tsld003.htm
2000.09.20 15:46 B C:\My Documents\psych241-lec5-variables\tsld004.htm --> condor.depaul.edu /condor/psycfclt/dallbrit/public_html/psy241/psych241-lec5-variables tsld004.htm
2000.09.20 15:46 B C:\My Documents\psych241-lec5-variables\tsld005.htm --> condor.depaul.edu /condor/psycfclt/dallbrit/public_html/psy241/psych241-lec5-variables tsld005.htm
2000.09.20 15:46 B C:\My Documents\psych241-lec5-variables\tsld006.htm --> condor.depaul.edu /condor/psycfclt/dallbrit/public_html/psy241/psych241-lec5-variables tsld006.htm
2000.09.20 15:46 B C:\My Documents\psych241-lec5-variables\tsld007.htm --> condor.depaul.edu /condor/psycfclt/dallbrit/public_html/psy241/psych241-lec5-variables tsld007.htm
2000.09.20 15:46 B C:\My Documents\psych241-lec5-variables\tsld008.htm --> condor.depaul.edu /condor/psycfclt/dallbrit/public_html/psy241/psych241-lec5-variables tsld008.htm
2000.09.20 15:46 B C:\My Documents\psych241-lec5-variables\tsld009.htm --> condor.depaul.edu /condor/psycfclt/dallbrit/public_html/psy241/psych241-lec5-variables tsld009.htm
2000.09.20 15:46 B C:\My Documents\psych241-lec5-variables\tsld010.htm --> condor.depaul.edu /condor/psycfclt/dallbrit/public_html/psy241/psych241-lec5-variables tsld010.htm
