2000.10.17 10:50 B C:\My Documents\psy241-lec10-stats_files\buttons.gif --> nanday.psy.depaul.edu /home/backup/My Documents/psy241-lec10-stats_files buttons.gif
2000.10.17 10:50 B C:\My Documents\psy241-lec10-stats_files\error.htm --> nanday.psy.depaul.edu /home/backup/My Documents/psy241-lec10-stats_files error.htm
2000.10.17 10:50 B C:\My Documents\psy241-lec10-stats_files\filelist.xml --> nanday.psy.depaul.edu /home/backup/My Documents/psy241-lec10-stats_files filelist.xml
2000.10.17 10:50 B C:\My Documents\psy241-lec10-stats_files\frame.htm --> nanday.psy.depaul.edu /home/backup/My Documents/psy241-lec10-stats_files frame.htm
2000.10.17 10:50 B C:\My Documents\psy241-lec10-stats_files\fullscreen.htm --> nanday.psy.depaul.edu /home/backup/My Documents/psy241-lec10-stats_files fullscreen.htm
2000.10.17 10:50 B C:\My Documents\psy241-lec10-stats_files\master01.htm --> nanday.psy.depaul.edu /home/backup/My Documents/psy241-lec10-stats_files master01.htm
2000.10.17 10:50 B C:\My Documents\psy241-lec10-stats_files\master03.htm --> nanday.psy.depaul.edu /home/backup/My Documents/psy241-lec10-stats_files master03.htm
2000.10.17 10:50 B C:\My Documents\psy241-lec10-stats_files\master03.xml --> nanday.psy.depaul.edu /home/backup/My Documents/psy241-lec10-stats_files master03.xml
2000.10.17 10:50 B C:\My Documents\psy241-lec10-stats_files\master03_stylesheet.css --> nanday.psy.depaul.edu /home/backup/My Documents/psy241-lec10-stats_files master03_stylesheet.css
2000.10.17 10:50 B C:\My Documents\psy241-lec10-stats_files\outline.htm --> nanday.psy.depaul.edu /home/backup/My Documents/psy241-lec10-stats_files outline.htm
2000.10.17 10:50 B C:\My Documents\psy241-lec10-stats_files\pres.xml --> nanday.psy.depaul.edu /home/backup/My Documents/psy241-lec10-stats_files pres.xml
2000.10.17 10:50 B C:\My Documents\psy241-lec10-stats_files\preview.wmf --> nanday.psy.depaul.edu /home/backup/My Documents/psy241-lec10-stats_files preview.wmf
2000.10.17 10:50 B C:\My Documents\psy241-lec10-stats_files\script.js --> nanday.psy.depaul.edu /home/backup/My Documents/psy241-lec10-stats_files script.js
2000.10.17 10:50 B C:\My Documents\psy241-lec10-stats_files\slide0001.htm --> nanday.psy.depaul.edu /home/backup/My Documents/psy241-lec10-stats_files slide0001.htm
2000.10.17 10:50 B C:\My Documents\psy241-lec10-stats_files\slide0002.htm --> nanday.psy.depaul.edu /home/backup/My Documents/psy241-lec10-stats_files slide0002.htm
2000.10.17 10:50 B C:\My Documents\psy241-lec10-stats_files\slide0003.htm --> nanday.psy.depaul.edu /home/backup/My Documents/psy241-lec10-stats_files slide0003.htm
2000.10.17 10:50 B C:\My Documents\psy241-lec10-stats_files\slide0004.htm --> nanday.psy.depaul.edu /home/backup/My Documents/psy241-lec10-stats_files slide0004.htm
2000.10.17 10:50 B C:\My Documents\psy241-lec10-stats_files\slide0005.htm --> nanday.psy.depaul.edu /home/backup/My Documents/psy241-lec10-stats_files slide0005.htm
2000.10.17 10:50 B C:\My Documents\psy241-lec10-stats_files\slide0006.htm --> nanday.psy.depaul.edu /home/backup/My Documents/psy241-lec10-stats_files slide0006.htm
2000.10.17 10:50 B C:\My Documents\psy241-lec10-stats_files\slide0007.htm --> nanday.psy.depaul.edu /home/backup/My Documents/psy241-lec10-stats_files slide0007.htm
2000.10.17 10:50 B C:\My Documents\psy241-lec10-stats_files\slide0008.htm --> nanday.psy.depaul.edu /home/backup/My Documents/psy241-lec10-stats_files slide0008.htm
2000.10.17 10:50 B C:\My Documents\psy241-lec10-stats_files\v3_blank_notes.htm --> nanday.psy.depaul.edu /home/backup/My Documents/psy241-lec10-stats_files v3_blank_notes.htm
2000.10.17 10:50 B C:\My Documents\psy241-lec10-stats_files\v3_document.htm --> nanday.psy.depaul.edu /home/backup/My Documents/psy241-lec10-stats_files v3_document.htm
2000.10.17 10:50 B C:\My Documents\psy241-lec10-stats_files\v3_endshow.htm --> nanday.psy.depaul.edu /home/backup/My Documents/psy241-lec10-stats_files v3_endshow.htm
2000.10.17 10:50 B C:\My Documents\psy241-lec10-stats_files\v3_navigation_bar.htm --> nanday.psy.depaul.edu /home/backup/My Documents/psy241-lec10-stats_files v3_navigation_bar.htm
2000.10.17 10:50 B C:\My Documents\psy241-lec10-stats_files\v3_next_active.gif --> nanday.psy.depaul.edu /home/backup/My Documents/psy241-lec10-stats_files v3_next_active.gif
2000.10.17 10:50 B C:\My Documents\psy241-lec10-stats_files\v3_next_disabled.gif --> nanday.psy.depaul.edu /home/backup/My Documents/psy241-lec10-stats_files v3_next_disabled.gif
2000.10.17 10:50 B C:\My Documents\psy241-lec10-stats_files\v3_outline_collapse.gif --> nanday.psy.depaul.edu /home/backup/My Documents/psy241-lec10-stats_files v3_outline_collapse.gif
2000.10.17 10:50 B C:\My Documents\psy241-lec10-stats_files\v3_outline_collapsed.htm --> nanday.psy.depaul.edu /home/backup/My Documents/psy241-lec10-stats_files v3_outline_collapsed.htm
2000.10.17 10:50 B C:\My Documents\psy241-lec10-stats_files\v3_outline_expand.gif --> nanday.psy.depaul.edu /home/backup/My Documents/psy241-lec10-stats_files v3_outline_expand.gif
2000.10.17 10:50 B C:\My Documents\psy241-lec10-stats_files\v3_outline_expanded.htm --> nanday.psy.depaul.edu /home/backup/My Documents/psy241-lec10-stats_files v3_outline_expanded.htm
2000.10.17 10:50 B C:\My Documents\psy241-lec10-stats_files\v3_outline_navigation_bar.htm --> nanday.psy.depaul.edu /home/backup/My Documents/psy241-lec10-stats_files v3_outline_navigation_bar.htm
2000.10.17 10:50 B C:\My Documents\psy241-lec10-stats_files\v3_prev_active.gif --> nanday.psy.depaul.edu /home/backup/My Documents/psy241-lec10-stats_files v3_prev_active.gif
2000.10.17 10:50 B C:\My Documents\psy241-lec10-stats_files\v3_prev_disabled.gif --> nanday.psy.depaul.edu /home/backup/My Documents/psy241-lec10-stats_files v3_prev_disabled.gif
2000.10.17 10:50 B C:\My Documents\psy241-lec10-stats_files\v3_slide0001.htm --> nanday.psy.depaul.edu /home/backup/My Documents/psy241-lec10-stats_files v3_slide0001.htm
2000.10.17 10:50 B C:\My Documents\psy241-lec10-stats_files\v3_slide0002.htm --> nanday.psy.depaul.edu /home/backup/My Documents/psy241-lec10-stats_files v3_slide0002.htm
2000.10.17 10:50 B C:\My Documents\psy241-lec10-stats_files\v3_slide0003.htm --> nanday.psy.depaul.edu /home/backup/My Documents/psy241-lec10-stats_files v3_slide0003.htm
2000.10.17 10:50 B C:\My Documents\psy241-lec10-stats_files\v3_slide0004.htm --> nanday.psy.depaul.edu /home/backup/My Documents/psy241-lec10-stats_files v3_slide0004.htm
2000.10.17 10:50 B C:\My Documents\psy241-lec10-stats_files\v3_slide0005.htm --> nanday.psy.depaul.edu /home/backup/My Documents/psy241-lec10-stats_files v3_slide0005.htm
2000.10.17 10:50 B C:\My Documents\psy241-lec10-stats_files\v3_slide0006.htm --> nanday.psy.depaul.edu /home/backup/My Documents/psy241-lec10-stats_files v3_slide0006.htm
2000.10.17 10:50 B C:\My Documents\psy241-lec10-stats_files\v3_slide0007.htm --> nanday.psy.depaul.edu /home/backup/My Documents/psy241-lec10-stats_files v3_slide0007.htm
2000.10.17 10:50 B C:\My Documents\psy241-lec10-stats_files\v3_slide0008.htm --> nanday.psy.depaul.edu /home/backup/My Documents/psy241-lec10-stats_files v3_slide0008.htm
2000.10.17 10:50 B C:\My Documents\psy241-lec10-stats_files\v3_space.gif --> nanday.psy.depaul.edu /home/backup/My Documents/psy241-lec10-stats_files v3_space.gif
2000.10.17 16:35 B C:\My Documents\psy241-lec10-stats_files\buttons.gif --> condor.depaul.edu /extra_tmp/extra/dallbrit/psy241/psy241-lec10-stats_files buttons.gif
2000.10.17 16:35 B C:\My Documents\psy241-lec10-stats_files\error.htm --> condor.depaul.edu /extra_tmp/extra/dallbrit/psy241/psy241-lec10-stats_files error.htm
2000.10.17 16:35 B C:\My Documents\psy241-lec10-stats_files\filelist.xml --> condor.depaul.edu /extra_tmp/extra/dallbrit/psy241/psy241-lec10-stats_files filelist.xml
2000.10.17 16:35 B C:\My Documents\psy241-lec10-stats_files\frame.htm --> condor.depaul.edu /extra_tmp/extra/dallbrit/psy241/psy241-lec10-stats_files frame.htm
2000.10.17 16:35 B C:\My Documents\psy241-lec10-stats_files\fullscreen.htm --> condor.depaul.edu /extra_tmp/extra/dallbrit/psy241/psy241-lec10-stats_files fullscreen.htm
2000.10.17 16:35 B C:\My Documents\psy241-lec10-stats_files\master01.htm --> condor.depaul.edu /extra_tmp/extra/dallbrit/psy241/psy241-lec10-stats_files master01.htm
2000.10.17 16:35 B C:\My Documents\psy241-lec10-stats_files\master03.htm --> condor.depaul.edu /extra_tmp/extra/dallbrit/psy241/psy241-lec10-stats_files master03.htm
2000.10.17 16:35 B C:\My Documents\psy241-lec10-stats_files\master03.xml --> condor.depaul.edu /extra_tmp/extra/dallbrit/psy241/psy241-lec10-stats_files master03.xml
2000.10.17 16:35 B C:\My Documents\psy241-lec10-stats_files\master03_stylesheet.css --> condor.depaul.edu /extra_tmp/extra/dallbrit/psy241/psy241-lec10-stats_files master03_stylesheet.css
2000.10.17 16:35 B C:\My Documents\psy241-lec10-stats_files\outline.htm --> condor.depaul.edu /extra_tmp/extra/dallbrit/psy241/psy241-lec10-stats_files outline.htm
2000.10.17 16:35 B C:\My Documents\psy241-lec10-stats_files\pres.xml --> condor.depaul.edu /extra_tmp/extra/dallbrit/psy241/psy241-lec10-stats_files pres.xml
2000.10.17 16:35 B C:\My Documents\psy241-lec10-stats_files\preview.wmf --> condor.depaul.edu /extra_tmp/extra/dallbrit/psy241/psy241-lec10-stats_files preview.wmf
2000.10.17 16:35 B C:\My Documents\psy241-lec10-stats_files\script.js --> condor.depaul.edu /extra_tmp/extra/dallbrit/psy241/psy241-lec10-stats_files script.js
2000.10.17 16:35 B C:\My Documents\psy241-lec10-stats_files\slide0001.htm --> condor.depaul.edu /extra_tmp/extra/dallbrit/psy241/psy241-lec10-stats_files slide0001.htm
2000.10.17 16:35 B C:\My Documents\psy241-lec10-stats_files\slide0002.htm --> condor.depaul.edu /extra_tmp/extra/dallbrit/psy241/psy241-lec10-stats_files slide0002.htm
2000.10.17 16:35 B C:\My Documents\psy241-lec10-stats_files\slide0003.htm --> condor.depaul.edu /extra_tmp/extra/dallbrit/psy241/psy241-lec10-stats_files slide0003.htm
2000.10.17 16:35 B C:\My Documents\psy241-lec10-stats_files\slide0004.htm --> condor.depaul.edu /extra_tmp/extra/dallbrit/psy241/psy241-lec10-stats_files slide0004.htm
2000.10.17 16:35 B C:\My Documents\psy241-lec10-stats_files\slide0005.htm --> condor.depaul.edu /extra_tmp/extra/dallbrit/psy241/psy241-lec10-stats_files slide0005.htm
2000.10.17 16:35 B C:\My Documents\psy241-lec10-stats_files\slide0006.htm --> condor.depaul.edu /extra_tmp/extra/dallbrit/psy241/psy241-lec10-stats_files slide0006.htm
2000.10.17 16:35 B C:\My Documents\psy241-lec10-stats_files\slide0007.htm --> condor.depaul.edu /extra_tmp/extra/dallbrit/psy241/psy241-lec10-stats_files slide0007.htm
2000.10.17 16:35 B C:\My Documents\psy241-lec10-stats_files\slide0008.htm --> condor.depaul.edu /extra_tmp/extra/dallbrit/psy241/psy241-lec10-stats_files slide0008.htm
2000.10.17 16:35 B C:\My Documents\psy241-lec10-stats_files\v3_blank_notes.htm --> condor.depaul.edu /extra_tmp/extra/dallbrit/psy241/psy241-lec10-stats_files v3_blank_notes.htm
2000.10.17 16:35 B C:\My Documents\psy241-lec10-stats_files\v3_document.htm --> condor.depaul.edu /extra_tmp/extra/dallbrit/psy241/psy241-lec10-stats_files v3_document.htm
2000.10.17 16:35 B C:\My Documents\psy241-lec10-stats_files\v3_endshow.htm --> condor.depaul.edu /extra_tmp/extra/dallbrit/psy241/psy241-lec10-stats_files v3_endshow.htm
2000.10.17 16:35 B C:\My Documents\psy241-lec10-stats_files\v3_navigation_bar.htm --> condor.depaul.edu /extra_tmp/extra/dallbrit/psy241/psy241-lec10-stats_files v3_navigation_bar.htm
2000.10.17 16:35 B C:\My Documents\psy241-lec10-stats_files\v3_next_active.gif --> condor.depaul.edu /extra_tmp/extra/dallbrit/psy241/psy241-lec10-stats_files v3_next_active.gif
2000.10.17 16:35 B C:\My Documents\psy241-lec10-stats_files\v3_next_disabled.gif --> condor.depaul.edu /extra_tmp/extra/dallbrit/psy241/psy241-lec10-stats_files v3_next_disabled.gif
2000.10.17 16:35 B C:\My Documents\psy241-lec10-stats_files\v3_outline_collapse.gif --> condor.depaul.edu /extra_tmp/extra/dallbrit/psy241/psy241-lec10-stats_files v3_outline_collapse.gif
2000.10.17 16:35 B C:\My Documents\psy241-lec10-stats_files\v3_outline_collapsed.htm --> condor.depaul.edu /extra_tmp/extra/dallbrit/psy241/psy241-lec10-stats_files v3_outline_collapsed.htm
2000.10.17 16:35 B C:\My Documents\psy241-lec10-stats_files\v3_outline_expand.gif --> condor.depaul.edu /extra_tmp/extra/dallbrit/psy241/psy241-lec10-stats_files v3_outline_expand.gif
2000.10.17 16:35 B C:\My Documents\psy241-lec10-stats_files\v3_outline_expanded.htm --> condor.depaul.edu /extra_tmp/extra/dallbrit/psy241/psy241-lec10-stats_files v3_outline_expanded.htm
2000.10.17 16:35 B C:\My Documents\psy241-lec10-stats_files\v3_outline_navigation_bar.htm --> condor.depaul.edu /extra_tmp/extra/dallbrit/psy241/psy241-lec10-stats_files v3_outline_navigation_bar.htm
2000.10.17 16:35 B C:\My Documents\psy241-lec10-stats_files\v3_prev_active.gif --> condor.depaul.edu /extra_tmp/extra/dallbrit/psy241/psy241-lec10-stats_files v3_prev_active.gif
2000.10.17 16:35 B C:\My Documents\psy241-lec10-stats_files\v3_prev_disabled.gif --> condor.depaul.edu /extra_tmp/extra/dallbrit/psy241/psy241-lec10-stats_files v3_prev_disabled.gif
2000.10.17 16:35 B C:\My Documents\psy241-lec10-stats_files\v3_slide0001.htm --> condor.depaul.edu /extra_tmp/extra/dallbrit/psy241/psy241-lec10-stats_files v3_slide0001.htm
2000.10.17 16:35 B C:\My Documents\psy241-lec10-stats_files\v3_slide0002.htm --> condor.depaul.edu /extra_tmp/extra/dallbrit/psy241/psy241-lec10-stats_files v3_slide0002.htm
2000.10.17 16:35 B C:\My Documents\psy241-lec10-stats_files\v3_slide0003.htm --> condor.depaul.edu /extra_tmp/extra/dallbrit/psy241/psy241-lec10-stats_files v3_slide0003.htm
2000.10.17 16:35 B C:\My Documents\psy241-lec10-stats_files\v3_slide0004.htm --> condor.depaul.edu /extra_tmp/extra/dallbrit/psy241/psy241-lec10-stats_files v3_slide0004.htm
2000.10.17 16:35 B C:\My Documents\psy241-lec10-stats_files\v3_slide0005.htm --> condor.depaul.edu /extra_tmp/extra/dallbrit/psy241/psy241-lec10-stats_files v3_slide0005.htm
2000.10.17 16:35 B C:\My Documents\psy241-lec10-stats_files\v3_slide0006.htm --> condor.depaul.edu /extra_tmp/extra/dallbrit/psy241/psy241-lec10-stats_files v3_slide0006.htm
2000.10.17 16:35 B C:\My Documents\psy241-lec10-stats_files\v3_slide0007.htm --> condor.depaul.edu /extra_tmp/extra/dallbrit/psy241/psy241-lec10-stats_files v3_slide0007.htm
2000.10.17 16:35 B C:\My Documents\psy241-lec10-stats_files\v3_slide0008.htm --> condor.depaul.edu /extra_tmp/extra/dallbrit/psy241/psy241-lec10-stats_files v3_slide0008.htm
2000.10.17 16:35 B C:\My Documents\psy241-lec10-stats_files\v3_space.gif --> condor.depaul.edu /extra_tmp/extra/dallbrit/psy241/psy241-lec10-stats_files v3_space.gif
