2001.09.02 23:10 B C:\My Documents\public_html\extra\isp120\Activities\Activity-fedtax-dwa.xls --> condor.depaul.edu /condor/psycfclt/dallbrit/public_html/isp120/Activities Activity-fedtax-dwa.xls
2001.09.02 23:10 B C:\My Documents\public_html\extra\isp120\Activities\Activity1.htm --> condor.depaul.edu /condor/psycfclt/dallbrit/public_html/isp120/Activities Activity1.htm
2001.09.02 23:10 B C:\My Documents\public_html\extra\isp120\Activities\Activity10-savings-accounts.htm --> condor.depaul.edu /condor/psycfclt/dallbrit/public_html/isp120/Activities Activity10-savings-accounts.htm
2001.09.02 23:10 B C:\My Documents\public_html\extra\isp120\Activities\Activity10.htm --> condor.depaul.edu /condor/psycfclt/dallbrit/public_html/isp120/Activities Activity10.htm
2001.09.02 23:10 B C:\My Documents\public_html\extra\isp120\Activities\activity11-Savings.htm --> condor.depaul.edu /condor/psycfclt/dallbrit/public_html/isp120/Activities activity11-Savings.htm
2001.09.02 23:10 B C:\My Documents\public_html\extra\isp120\Activities\Activity11.htm --> condor.depaul.edu /condor/psycfclt/dallbrit/public_html/isp120/Activities Activity11.htm
2001.09.02 23:10 B C:\My Documents\public_html\extra\isp120\Activities\activity12-loans.htm --> condor.depaul.edu /condor/psycfclt/dallbrit/public_html/isp120/Activities activity12-loans.htm
2001.09.02 23:10 B C:\My Documents\public_html\extra\isp120\Activities\activity12-Savings-continued.htm --> condor.depaul.edu /condor/psycfclt/dallbrit/public_html/isp120/Activities activity12-Savings-continued.htm
2001.09.02 23:10 B C:\My Documents\public_html\extra\isp120\Activities\Activity12.htm --> condor.depaul.edu /condor/psycfclt/dallbrit/public_html/isp120/Activities Activity12.htm
2001.09.02 23:10 B C:\My Documents\public_html\extra\isp120\Activities\activity13-Auto-Loan.htm --> condor.depaul.edu /condor/psycfclt/dallbrit/public_html/isp120/Activities activity13-Auto-Loan.htm
2001.09.02 23:10 B C:\My Documents\public_html\extra\isp120\Activities\Activity13.htm --> condor.depaul.edu /condor/psycfclt/dallbrit/public_html/isp120/Activities Activity13.htm
2001.09.02 23:10 B C:\My Documents\public_html\extra\isp120\Activities\Activity14.htm --> condor.depaul.edu /condor/psycfclt/dallbrit/public_html/isp120/Activities Activity14.htm
2001.09.02 23:10 B C:\My Documents\public_html\extra\isp120\Activities\Activity15.htm --> condor.depaul.edu /condor/psycfclt/dallbrit/public_html/isp120/Activities Activity15.htm
2001.09.02 23:10 B C:\My Documents\public_html\extra\isp120\Activities\Activity16.htm --> condor.depaul.edu /condor/psycfclt/dallbrit/public_html/isp120/Activities Activity16.htm
2001.09.02 23:10 B C:\My Documents\public_html\extra\isp120\Activities\Activity17-credit-cards.htm --> condor.depaul.edu /condor/psycfclt/dallbrit/public_html/isp120/Activities Activity17-credit-cards.htm
2001.09.02 23:10 B C:\My Documents\public_html\extra\isp120\Activities\Activity17.htm --> condor.depaul.edu /condor/psycfclt/dallbrit/public_html/isp120/Activities Activity17.htm
2001.09.02 23:11 B C:\My Documents\public_html\extra\isp120\Activities\Activity18.htm --> condor.depaul.edu /condor/psycfclt/dallbrit/public_html/isp120/Activities Activity18.htm
2001.09.02 23:11 B C:\My Documents\public_html\extra\isp120\Activities\Activity19-Loan-Payments.htm --> condor.depaul.edu /condor/psycfclt/dallbrit/public_html/isp120/Activities Activity19-Loan-Payments.htm
2001.09.02 23:11 B C:\My Documents\public_html\extra\isp120\Activities\Activity19.htm --> condor.depaul.edu /condor/psycfclt/dallbrit/public_html/isp120/Activities Activity19.htm
2001.09.02 23:11 B C:\My Documents\public_html\extra\isp120\Activities\Activity2.htm --> condor.depaul.edu /condor/psycfclt/dallbrit/public_html/isp120/Activities Activity2.htm
2001.09.02 23:11 B C:\My Documents\public_html\extra\isp120\Activities\Activity20.htm --> condor.depaul.edu /condor/psycfclt/dallbrit/public_html/isp120/Activities Activity20.htm
2001.09.02 23:11 B C:\My Documents\public_html\extra\isp120\Activities\Activity21.htm --> condor.depaul.edu /condor/psycfclt/dallbrit/public_html/isp120/Activities Activity21.htm
2001.09.02 23:11 B C:\My Documents\public_html\extra\isp120\Activities\Activity22.htm --> condor.depaul.edu /condor/psycfclt/dallbrit/public_html/isp120/Activities Activity22.htm
2001.09.02 23:11 B C:\My Documents\public_html\extra\isp120\Activities\Activity23.htm --> condor.depaul.edu /condor/psycfclt/dallbrit/public_html/isp120/Activities Activity23.htm
2001.09.02 23:11 B C:\My Documents\public_html\extra\isp120\Activities\Activity3.htm --> condor.depaul.edu /condor/psycfclt/dallbrit/public_html/isp120/Activities Activity3.htm
2001.09.02 23:11 B C:\My Documents\public_html\extra\isp120\Activities\Activity4.htm --> condor.depaul.edu /condor/psycfclt/dallbrit/public_html/isp120/Activities Activity4.htm
2001.09.02 23:11 B C:\My Documents\public_html\extra\isp120\Activities\Activity5.htm --> condor.depaul.edu /condor/psycfclt/dallbrit/public_html/isp120/Activities Activity5.htm
2001.09.02 23:11 B C:\My Documents\public_html\extra\isp120\Activities\Activity6.htm --> condor.depaul.edu /condor/psycfclt/dallbrit/public_html/isp120/Activities Activity6.htm
2001.09.02 23:11 B C:\My Documents\public_html\extra\isp120\Activities\Activity7.htm --> condor.depaul.edu /condor/psycfclt/dallbrit/public_html/isp120/Activities Activity7.htm
2001.09.02 23:11 B C:\My Documents\public_html\extra\isp120\Activities\Activity8.htm --> condor.depaul.edu /condor/psycfclt/dallbrit/public_html/isp120/Activities Activity8.htm
2001.09.02 23:11 B C:\My Documents\public_html\extra\isp120\Activities\Activity9.htm --> condor.depaul.edu /condor/psycfclt/dallbrit/public_html/isp120/Activities Activity9.htm
2001.09.02 23:11 B C:\My Documents\public_html\extra\isp120\Activities\Activity9a.htm --> condor.depaul.edu /condor/psycfclt/dallbrit/public_html/isp120/Activities Activity9a.htm
2001.09.02 23:11 B C:\My Documents\public_html\extra\isp120\Activities\credit.card2.xls --> condor.depaul.edu /condor/psycfclt/dallbrit/public_html/isp120/Activities credit.card2.xls
2001.09.02 23:11 B C:\My Documents\public_html\extra\isp120\Activities\credit.cards.xls --> condor.depaul.edu /condor/psycfclt/dallbrit/public_html/isp120/Activities credit.cards.xls
2001.09.02 23:11 B C:\My Documents\public_html\extra\isp120\Activities\credit3.cards.xls --> condor.depaul.edu /condor/psycfclt/dallbrit/public_html/isp120/Activities credit3.cards.xls
2001.09.02 23:11 B C:\My Documents\public_html\extra\isp120\Activities\ElectoralVotes2000.htm --> condor.depaul.edu /condor/psycfclt/dallbrit/public_html/isp120/Activities ElectoralVotes2000.htm
2001.09.02 23:11 B C:\My Documents\public_html\extra\isp120\Activities\savings.plan.xls --> condor.depaul.edu /condor/psycfclt/dallbrit/public_html/isp120/Activities savings.plan.xls
2001.09.02 23:11 B C:\My Documents\public_html\extra\isp120\Activities\Taxes-Activity-15.htm --> condor.depaul.edu /condor/psycfclt/dallbrit/public_html/isp120/Activities Taxes-Activity-15.htm
